<?xml version="1.0" encoding="UTF-8"?>
<!-- Generated by org.testng.reporters.JUnitReportReporter -->
<testsuite hostname="Rini-PC" name="org.wbl.Selenium.App" tests="1" failures="0" timestamp="15 Feb 2017 18:49:39 GMT" time="0.031" errors="0">
  <testcase name="test" time="0.031" classname="org.wbl.Selenium.App"/>
</testsuite> <!-- org.wbl.Selenium.App -->
