<?xml version="1.0" encoding="UTF-8"?>
<!-- Generated by org.testng.reporters.JUnitReportReporter -->
<testsuite hostname="Rini-PC" name="com.wbl.Test.HomePageTest" tests="3" failures="0" timestamp="22 Feb 2017 19:53:45 GMT" time="14.438" errors="0">
  <testcase name="signInpage" time="6.823" classname="com.wbl.Test.HomePageTest"/>
  <testcase name="testSearchBox" time="7.472" classname="com.wbl.Test.HomePageTest"/>
  <testcase name="headerNavi" time="0.143" classname="com.wbl.Test.HomePageTest"/>
</testsuite> <!-- com.wbl.Test.HomePageTest -->
