<?xml version="1.0" encoding="UTF-8"?>
<!-- Generated by org.testng.reporters.JUnitReportReporter -->
<testsuite hostname="Rini-PC" name="com.wbl.page.Homapage" tests="1" failures="0" timestamp="16 Feb 2017 01:01:18 GMT" time="17.963" errors="0">
  <testcase name="navihome" time="17.963" classname="com.wbl.page.Homapage"/>
</testsuite> <!-- com.wbl.page.Homapage -->
