<?xml version="1.0" encoding="UTF-8"?>
<!-- Generated by org.testng.reporters.JUnitReportReporter -->
<testsuite hostname="Rini-PC" name="com.wbl.Test.AddingcartTest" tests="1" failures="0" timestamp="22 Feb 2017 19:54:46 GMT" time="13.501" errors="0">
  <testcase name="checkLink" time="13.501" classname="com.wbl.Test.AddingcartTest"/>
</testsuite> <!-- com.wbl.Test.AddingcartTest -->
