<?xml version="1.0" encoding="UTF-8"?>
<!-- Generated by org.testng.reporters.JUnitReportReporter -->
<testsuite hostname="Rini-PC" name="com.wbl.Base.App" tests="1" failures="0" timestamp="15 Feb 2017 19:04:13 GMT" time="0.173" errors="0">
  <testcase name="test" time="0.173" classname="com.wbl.Base.App"/>
</testsuite> <!-- com.wbl.Base.App -->
