<?xml version="1.0" encoding="UTF-8"?>
<!-- Generated by org.testng.reporters.JUnitReportReporter -->
<testsuite hostname="Rini-PC" name="com.wbl.Test.SignTest" tests="2" failures="0" timestamp="22 Feb 2017 19:55:15 GMT" time="3.680" errors="0">
  <testcase name="instanceDbProvider" time="1.781" classname="com.wbl.Test.SignTest"/>
  <testcase name="instanceDbProvider" time="1.899" classname="com.wbl.Test.SignTest"/>
</testsuite> <!-- com.wbl.Test.SignTest -->
